<?xml version="1.0" encoding="UTF-8"?>
<testng-results total="1" passed="1" failed="0" skipped="0">
  <reporter-output>
  </reporter-output>
  <suite started-at="2024-01-20T17:20:00Z" name="test.com.GoogleSearchTest" finished-at="2024-01-20T17:20:09Z" duration-ms="9213">
    <groups>
    </groups>
    <test started-at="2024-01-20T17:20:00Z" name="Command line test" finished-at="2024-01-20T17:20:09Z" duration-ms="9213">
      <class name="test.com.GoogleSearchTest">
        <test-method is-config="true" signature="setUpClass()[pri:0, instance:test.com.GoogleSearchTest@5bb21b69]" started-at="2024-01-20T12:20:00Z" name="setUpClass" finished-at="2024-01-20T12:20:00Z" duration-ms="12" status="PASS">
          <reporter-output>
          </reporter-output>
        </test-method> <!-- setUpClass -->
        <test-method is-config="true" signature="setUpMethod()[pri:0, instance:test.com.GoogleSearchTest@5bb21b69]" started-at="2024-01-20T12:20:00Z" name="setUpMethod" finished-at="2024-01-20T12:20:02Z" duration-ms="2174" status="PASS">
          <reporter-output>
          </reporter-output>
        </test-method> <!-- setUpMethod -->
        <test-method signature="testFacebook()[pri:0, instance:test.com.GoogleSearchTest@5bb21b69]" started-at="2024-01-20T12:20:02Z" name="testFacebook" finished-at="2024-01-20T12:20:09Z" duration-ms="7012" status="PASS">
          <reporter-output>
          </reporter-output>
        </test-method> <!-- testFacebook -->
        <test-method is-config="true" signature="tearDownMethod()[pri:0, instance:test.com.GoogleSearchTest@5bb21b69]" started-at="2024-01-20T12:20:09Z" name="tearDownMethod" finished-at="2024-01-20T12:20:09Z" duration-ms="0" status="PASS">
          <reporter-output>
          </reporter-output>
        </test-method> <!-- tearDownMethod -->
        <test-method is-config="true" signature="tearDownClass()[pri:0, instance:test.com.GoogleSearchTest@5bb21b69]" started-at="2024-01-20T12:20:09Z" name="tearDownClass" finished-at="2024-01-20T12:20:09Z" duration-ms="0" status="PASS">
          <reporter-output>
          </reporter-output>
        </test-method> <!-- tearDownClass -->
      </class> <!-- test.com.GoogleSearchTest -->
    </test> <!-- Command line test -->
  </suite> <!-- test.com.GoogleSearchTest -->
</testng-results>
